<?xml version="1.0" encoding="UTF-8"?>
<!-- Generated by org.testng.reporters.JUnitReportReporter -->
<testsuite skipped="0" hostname="DESKTOP-6B6OMBU" name="selenium.testNGEx" tests="3" failures="0" timestamp="13 Dec 2017 13:30:50 GMT" time="13.259" errors="0">
  <testcase name="openbrowser" time="2.862" classname="selenium.testNGEx"/>
  <testcase name="getPage" time="3.962" classname="selenium.testNGEx"/>
  <testcase name="login" time="6.435" classname="selenium.testNGEx"/>
</testsuite> <!-- selenium.testNGEx -->
