<?xml version="1.0" encoding="UTF-8"?>
<!-- Generated by org.testng.reporters.JUnitReportReporter -->
<testsuite skipped="0" hostname="DESKTOP-6B6OMBU" name="selenium.testNGExample" tests="5" failures="0" timestamp="12 Dec 2017 14:22:45 GMT" time="29.131" errors="0">
  <testcase name="openBrowser" time="3.957" classname="selenium.testNGExample"/>
  <testcase name="maximize" time="1.126" classname="selenium.testNGExample"/>
  <testcase name="appLaunch" time="3.873" classname="selenium.testNGExample"/>
  <testcase name="login" time="11.662" classname="selenium.testNGExample"/>
  <testcase name="logout" time="8.513" classname="selenium.testNGExample"/>
</testsuite> <!-- selenium.testNGExample -->
